{"/home/maxim/project2/frontend-project-lvl2/gendiffJson.js": {"path":"/home/maxim/project2/frontend-project-lvl2/gendiffJson.js","statementMap":{"0":{"start":{"line":3,"column":16},"end":{"line":19,"column":1}},"1":{"start":{"line":4,"column":13},"end":{"line":4,"column":16}},"2":{"start":{"line":5,"column":20},"end":{"line":5,"column":38}},"3":{"start":{"line":6,"column":20},"end":{"line":6,"column":38}},"4":{"start":{"line":7,"column":15},"end":{"line":7,"column":49}},"5":{"start":{"line":8,"column":17},"end":{"line":8,"column":30}},"6":{"start":{"line":9,"column":2},"end":{"line":16,"column":5}},"7":{"start":{"line":10,"column":4},"end":{"line":13,"column":5}},"8":{"start":{"line":11,"column":6},"end":{"line":12,"column":76}},"9":{"start":{"line":11,"column":37},"end":{"line":11,"column":75}},"10":{"start":{"line":12,"column":11},"end":{"line":12,"column":76}},"11":{"start":{"line":14,"column":4},"end":{"line":15,"column":92}},"12":{"start":{"line":14,"column":49},"end":{"line":14,"column":87}},"13":{"start":{"line":15,"column":9},"end":{"line":15,"column":92}},"14":{"start":{"line":15,"column":54},"end":{"line":15,"column":92}},"15":{"start":{"line":17,"column":2},"end":{"line":17,"column":16}},"16":{"start":{"line":18,"column":2},"end":{"line":18,"column":14}}},"fnMap":{"0":{"name":"(anonymous_0)","decl":{"start":{"line":3,"column":16},"end":{"line":3,"column":17}},"loc":{"start":{"line":3,"column":34},"end":{"line":19,"column":1}},"line":3},"1":{"name":"(anonymous_1)","decl":{"start":{"line":9,"column":33},"end":{"line":9,"column":34}},"loc":{"start":{"line":9,"column":44},"end":{"line":16,"column":3}},"line":9}},"branchMap":{"0":{"loc":{"start":{"line":10,"column":4},"end":{"line":13,"column":5}},"type":"if","locations":[{"start":{"line":10,"column":4},"end":{"line":13,"column":5}},{"start":{"line":10,"column":4},"end":{"line":13,"column":5}}],"line":10},"1":{"loc":{"start":{"line":10,"column":8},"end":{"line":10,"column":46}},"type":"binary-expr","locations":[{"start":{"line":10,"column":8},"end":{"line":10,"column":25}},{"start":{"line":10,"column":29},"end":{"line":10,"column":46}}],"line":10},"2":{"loc":{"start":{"line":11,"column":6},"end":{"line":12,"column":76}},"type":"if","locations":[{"start":{"line":11,"column":6},"end":{"line":12,"column":76}},{"start":{"line":11,"column":6},"end":{"line":12,"column":76}}],"line":11},"3":{"loc":{"start":{"line":14,"column":4},"end":{"line":15,"column":92}},"type":"if","locations":[{"start":{"line":14,"column":4},"end":{"line":15,"column":92}},{"start":{"line":14,"column":4},"end":{"line":15,"column":92}}],"line":14},"4":{"loc":{"start":{"line":14,"column":8},"end":{"line":14,"column":47}},"type":"binary-expr","locations":[{"start":{"line":14,"column":8},"end":{"line":14,"column":25}},{"start":{"line":14,"column":29},"end":{"line":14,"column":47}}],"line":14},"5":{"loc":{"start":{"line":15,"column":9},"end":{"line":15,"column":92}},"type":"if","locations":[{"start":{"line":15,"column":9},"end":{"line":15,"column":92}},{"start":{"line":15,"column":9},"end":{"line":15,"column":92}}],"line":15},"6":{"loc":{"start":{"line":15,"column":13},"end":{"line":15,"column":52}},"type":"binary-expr","locations":[{"start":{"line":15,"column":13},"end":{"line":15,"column":31}},{"start":{"line":15,"column":35},"end":{"line":15,"column":52}}],"line":15}},"s":{"0":1,"1":1,"2":1,"3":1,"4":1,"5":1,"6":1,"7":5,"8":2,"9":1,"10":1,"11":5,"12":2,"13":3,"14":1,"15":1,"16":1},"f":{"0":1,"1":5},"b":{"0":[2,3],"1":[5,4],"2":[1,1],"3":[2,3],"4":[5,4],"5":[1,2],"6":[3,1]},"inputSourceMap":null,"_coverageSchema":"1a1c01bbd47fc00a2c39e90264f33305004495a9","hash":"8dd372ac31acc367379931fe0eb4a9c7d57c29c8"}
,"/home/maxim/project2/frontend-project-lvl2/src/getData.js": {"path":"/home/maxim/project2/frontend-project-lvl2/src/getData.js","statementMap":{"0":{"start":{"line":3,"column":16},"end":{"line":3,"column":59}},"1":{"start":{"line":3,"column":32},"end":{"line":3,"column":59}}},"fnMap":{"0":{"name":"(anonymous_0)","decl":{"start":{"line":3,"column":16},"end":{"line":3,"column":17}},"loc":{"start":{"line":3,"column":32},"end":{"line":3,"column":59}},"line":3}},"branchMap":{},"s":{"0":1,"1":2},"f":{"0":2},"b":{},"inputSourceMap":null,"_coverageSchema":"1a1c01bbd47fc00a2c39e90264f33305004495a9","hash":"cb7ba76ef7063a6954313df6c04048831073cae1"}
,"/home/maxim/project2/frontend-project-lvl2/src/getPath.js": {"path":"/home/maxim/project2/frontend-project-lvl2/src/getPath.js","statementMap":{"0":{"start":{"line":5,"column":17},"end":{"line":5,"column":47}},"1":{"start":{"line":6,"column":16},"end":{"line":6,"column":33}},"2":{"start":{"line":8,"column":16},"end":{"line":8,"column":75}},"3":{"start":{"line":8,"column":26},"end":{"line":8,"column":75}}},"fnMap":{"0":{"name":"(anonymous_0)","decl":{"start":{"line":8,"column":16},"end":{"line":8,"column":17}},"loc":{"start":{"line":8,"column":26},"end":{"line":8,"column":75}},"line":8}},"branchMap":{},"s":{"0":1,"1":1,"2":1,"3":2},"f":{"0":2},"b":{},"inputSourceMap":null,"_coverageSchema":"1a1c01bbd47fc00a2c39e90264f33305004495a9","hash":"4a19ad6e55d428655999b053c2dc130bb1e3a6fc"}
}
