TN:
SF:gendiffJson.js
FN:3,(anonymous_0)
FN:9,(anonymous_1)
FNF:2
FNH:2
FNDA:1,(anonymous_0)
FNDA:5,(anonymous_1)
DA:3,1
DA:4,1
DA:5,1
DA:6,1
DA:7,1
DA:8,1
DA:9,1
DA:10,5
DA:11,2
DA:12,1
DA:14,5
DA:15,3
DA:17,1
DA:18,1
LF:14
LH:14
BRDA:10,0,0,2
BRDA:10,0,1,3
BRDA:10,1,0,5
BRDA:10,1,1,4
BRDA:11,2,0,1
BRDA:11,2,1,1
BRDA:14,3,0,2
BRDA:14,3,1,3
BRDA:14,4,0,5
BRDA:14,4,1,4
BRDA:15,5,0,1
BRDA:15,5,1,2
BRDA:15,6,0,3
BRDA:15,6,1,1
BRF:14
BRH:14
end_of_record
TN:
SF:src/getData.js
FN:3,(anonymous_0)
FNF:1
FNH:1
FNDA:2,(anonymous_0)
DA:3,2
LF:1
LH:1
BRF:0
BRH:0
end_of_record
TN:
SF:src/getPath.js
FN:8,(anonymous_0)
FNF:1
FNH:1
FNDA:2,(anonymous_0)
DA:5,1
DA:6,1
DA:8,2
LF:3
LH:3
BRF:0
BRH:0
end_of_record
